2018-06-18 23:58:01,038 [Worker-4] INFO  c.g.t.t.d.PublishedGradleVersions - Gradle version information cache is up-to-date. Trying to read.
2018-06-19 00:00:04,901 [Worker-4] INFO  o.e.m.c.i.l.LifecycleMappingFactory - Using NULL lifecycle mapping for MavenProject: com.testing.git:parent:0.0.1-SNAPSHOT @ C:\Custom\Projects\MDM\Testing\parent\pom.xml.
2018-06-19 00:00:05,160 [Worker-4] INFO  o.e.m.c.i.p.ProjectConfigurationManager - Update started
2018-06-19 00:00:05,171 [Worker-4] INFO  o.e.m.c.i.l.LifecycleMappingFactory - Using NULL lifecycle mapping for MavenProject: com.testing.git:parent:0.0.1-SNAPSHOT @ C:\Custom\Projects\MDM\Testing\parent\pom.xml.
2018-06-19 00:00:05,196 [Worker-4] INFO  o.e.m.c.i.p.ProjectConfigurationManager - Update completed: 0 sec
2018-06-19 00:00:12,088 [Worker-1] INFO  o.e.m.c.i.l.LifecycleMappingFactory - Using NULL lifecycle mapping for MavenProject: com.testing.git:parent:0.0.1-SNAPSHOT @ C:\Custom\Projects\MDM\Testing\parent\pom.xml.
2018-06-19 00:00:16,417 [Worker-11] INFO  o.e.m.i.launch.MavenLaunchDelegate - C:\Custom\Projects\MDM\Testing\parent
2018-06-19 00:00:16,418 [Worker-11] INFO  o.e.m.i.launch.MavenLaunchDelegate -  mvn -B -s C:\Custom\Tools\apache-maven-3.5.3\conf\settings.xml clean
2018-06-19 00:05:52,261 [Worker-17] INFO  o.e.m.c.i.l.LifecycleMappingFactory - Using org.eclipse.m2e.jdt.JarLifecycleMapping lifecycle mapping for MavenProject: com.testing.git:db-module:0.0.1-SNAPSHOT @ C:\Custom\Projects\MDM\Testing\db-module\pom.xml.
2018-06-19 00:05:52,745 [Worker-17] INFO  o.e.m.j.i.AbstractJavaProjectConfigurator - Adding source folder /db-module/src
2018-06-19 00:05:52,746 [Worker-17] INFO  o.e.m.j.i.AbstractJavaProjectConfigurator - Not adding source folder /db-module/src/test/java because it overlaps with /db-module/src
2018-06-19 00:05:52,846 [Worker-17] INFO  o.e.m.c.i.p.ProjectConfigurationManager - Update started
2018-06-19 00:05:53,162 [Worker-17] INFO  o.e.m.c.i.l.LifecycleMappingFactory - Using org.eclipse.m2e.jdt.JarLifecycleMapping lifecycle mapping for MavenProject: com.testing.git:db-module:0.0.1-SNAPSHOT @ C:\Custom\Projects\MDM\Testing\db-module\pom.xml.
2018-06-19 00:05:53,349 [Worker-17] INFO  o.e.m.j.i.AbstractJavaProjectConfigurator - Adding source folder /db-module/src
2018-06-19 00:05:53,350 [Worker-17] INFO  o.e.m.j.i.AbstractJavaProjectConfigurator - Not adding source folder /db-module/src/test/java because it overlaps with /db-module/src
2018-06-19 00:05:53,413 [Worker-17] INFO  o.e.m.c.i.p.ProjectConfigurationManager - Update completed: 0 sec
2018-06-19 00:05:53,582 [Worker-17] WARN  o.e.m.c.i.embedder.EclipseLogger - Using platform encoding (Cp1252 actually) to copy filtered resources, i.e. build is platform dependent!
2018-06-19 00:05:53,589 [Worker-17] INFO  o.e.m.c.i.embedder.EclipseLogger - skip non existing resourceDirectory C:\Custom\Projects\MDM\Testing\db-module\src\main\resources
2018-06-19 00:05:53,591 [Worker-17] WARN  o.e.m.c.i.embedder.EclipseLogger - Using platform encoding (Cp1252 actually) to copy filtered resources, i.e. build is platform dependent!
2018-06-19 00:05:53,597 [Worker-17] INFO  o.e.m.c.i.embedder.EclipseLogger - skip non existing resourceDirectory C:\Custom\Projects\MDM\Testing\db-module\src\test\resources
2018-06-19 00:05:58,564 [main] INFO  o.e.m2e.actions.ExecutePomAction - Creating new launch configuration
2018-06-19 00:06:02,882 [Worker-19] INFO  o.e.m.i.launch.MavenLaunchDelegate - C:\Custom\Projects\MDM\Testing\parent
2018-06-19 00:06:02,882 [Worker-19] INFO  o.e.m.i.launch.MavenLaunchDelegate -  mvn -B -s C:\Custom\Tools\apache-maven-3.5.3\conf\settings.xml clean install
2018-06-19 00:06:22,704 [main] INFO  o.e.m2e.actions.ExecutePomAction - Creating new launch configuration
2018-06-19 00:06:25,685 [Worker-8] INFO  o.e.m.i.launch.MavenLaunchDelegate - C:\Custom\Projects\MDM\Testing\db-module
2018-06-19 00:06:25,690 [Worker-8] INFO  o.e.m.i.launch.MavenLaunchDelegate -  mvn -B -s C:\Custom\Tools\apache-maven-3.5.3\conf\settings.xml clean install
2018-06-19 00:06:58,811 [Worker-19] INFO  o.e.m.c.i.l.LifecycleMappingFactory - Using org.maven.ide.eclipse.wtp.WarLifecycleMapping lifecycle mapping for MavenProject: com.testing.git:web-module:0.0.1-SNAPSHOT @ C:\Custom\Projects\MDM\Testing\web-module\pom.xml.
2018-06-19 00:06:59,449 [Worker-19] INFO  o.e.m.j.i.AbstractJavaProjectConfigurator - Adding source folder /web-module/src
2018-06-19 00:06:59,457 [Worker-19] INFO  o.e.m.j.i.AbstractJavaProjectConfigurator - Not adding source folder /web-module/src/test/java because it overlaps with /web-module/src
2018-06-19 00:06:59,722 [Worker-19] INFO  o.e.m.c.i.p.ProjectConfigurationManager - Update started
2018-06-19 00:06:59,788 [Worker-19] INFO  o.e.m.c.i.l.LifecycleMappingFactory - Using org.maven.ide.eclipse.wtp.WarLifecycleMapping lifecycle mapping for MavenProject: com.testing.git:web-module:0.0.1-SNAPSHOT @ C:\Custom\Projects\MDM\Testing\web-module\pom.xml.
2018-06-19 00:07:00,259 [Worker-19] INFO  o.e.m.j.i.AbstractJavaProjectConfigurator - Adding source folder /web-module/src
2018-06-19 00:07:00,267 [Worker-19] INFO  o.e.m.j.i.AbstractJavaProjectConfigurator - Not adding source folder /web-module/src/test/java because it overlaps with /web-module/src
2018-06-19 00:07:00,360 [Worker-19] INFO  o.e.m.w.i.f.ResourceFilteringBuildParticipant - Cleaning filtered folder for web-module
2018-06-19 00:07:00,372 [Worker-19] INFO  o.e.m.c.i.p.ProjectConfigurationManager - Update completed: 0 sec
2018-06-19 00:07:00,486 [Worker-7] WARN  o.e.m.c.i.embedder.EclipseLogger - Using platform encoding (Cp1252 actually) to copy filtered resources, i.e. build is platform dependent!
2018-06-19 00:07:00,500 [Worker-7] INFO  o.e.m.c.i.embedder.EclipseLogger - skip non existing resourceDirectory C:\Custom\Projects\MDM\Testing\web-module\src\main\resources
2018-06-19 00:07:00,501 [Worker-7] WARN  o.e.m.c.i.embedder.EclipseLogger - Using platform encoding (Cp1252 actually) to copy filtered resources, i.e. build is platform dependent!
2018-06-19 00:07:00,512 [Worker-7] INFO  o.e.m.c.i.embedder.EclipseLogger - skip non existing resourceDirectory C:\Custom\Projects\MDM\Testing\web-module\src\test\resources
2018-06-19 00:07:00,512 [Worker-7] INFO  o.e.m.w.i.f.ResourceFilteringBuildParticipant - Changed resources require a complete clean of filtered resources of web-module
2018-06-19 00:07:00,520 [Worker-7] INFO  o.e.m.w.i.f.ResourceFilteringBuildParticipant - Executing resource filtering for web-module
2018-06-19 00:07:00,534 [Worker-7] WARN  o.e.m.c.i.embedder.EclipseLogger - Using platform encoding (Cp1252 actually) to copy filtered resources, i.e. build is platform dependent!
2018-06-19 00:07:03,815 [Worker-17] INFO  o.e.m.i.launch.MavenLaunchDelegate - C:\Custom\Projects\MDM\Testing\web-module
2018-06-19 00:07:03,815 [Worker-17] INFO  o.e.m.i.launch.MavenLaunchDelegate -  mvn -B -s C:\Custom\Tools\apache-maven-3.5.3\conf\settings.xml clean
2018-06-19 00:07:05,409 [Worker-20] WARN  o.e.m.c.i.embedder.EclipseLogger - Using platform encoding (Cp1252 actually) to copy filtered resources, i.e. build is platform dependent!
2018-06-19 00:07:05,417 [Worker-20] INFO  o.e.m.c.i.embedder.EclipseLogger - skip non existing resourceDirectory C:\Custom\Projects\MDM\Testing\web-module\src\main\resources
2018-06-19 00:07:05,418 [Worker-20] WARN  o.e.m.c.i.embedder.EclipseLogger - Using platform encoding (Cp1252 actually) to copy filtered resources, i.e. build is platform dependent!
2018-06-19 00:07:05,425 [Worker-20] INFO  o.e.m.c.i.embedder.EclipseLogger - skip non existing resourceDirectory C:\Custom\Projects\MDM\Testing\web-module\src\test\resources
2018-06-19 00:07:05,434 [Worker-20] INFO  o.e.m.w.i.f.ResourceFilteringBuildParticipant - Changed resources require a complete clean of filtered resources of web-module
2018-06-19 00:07:05,434 [Worker-20] INFO  o.e.m.w.i.f.ResourceFilteringBuildParticipant - Executing resource filtering for web-module
2018-06-19 00:07:05,444 [Worker-20] WARN  o.e.m.c.i.embedder.EclipseLogger - Using platform encoding (Cp1252 actually) to copy filtered resources, i.e. build is platform dependent!
2018-06-19 00:07:09,368 [main] INFO  o.e.m2e.actions.ExecutePomAction - Creating new launch configuration
2018-06-19 00:07:13,835 [Worker-18] INFO  o.e.m.i.launch.MavenLaunchDelegate - C:\Custom\Projects\MDM\Testing\web-module
2018-06-19 00:07:13,840 [Worker-18] INFO  o.e.m.i.launch.MavenLaunchDelegate -  mvn -B -s C:\Custom\Tools\apache-maven-3.5.3\conf\settings.xml clean install
2018-06-19 00:07:49,673 [Worker-19] WARN  o.e.m.c.i.embedder.EclipseLogger - Using platform encoding (Cp1252 actually) to copy filtered resources, i.e. build is platform dependent!
2018-06-19 00:07:49,684 [Worker-19] INFO  o.e.m.c.i.embedder.EclipseLogger - skip non existing resourceDirectory C:\Custom\Projects\MDM\Testing\web-module\src\main\resources
2018-06-19 00:07:49,698 [Worker-19] WARN  o.e.m.c.i.embedder.EclipseLogger - Using platform encoding (Cp1252 actually) to copy filtered resources, i.e. build is platform dependent!
2018-06-19 00:07:49,720 [Worker-19] INFO  o.e.m.c.i.embedder.EclipseLogger - skip non existing resourceDirectory C:\Custom\Projects\MDM\Testing\web-module\src\test\resources
2018-06-19 00:07:49,728 [Worker-19] INFO  o.e.m.w.i.f.ResourceFilteringBuildParticipant - Changed resources require a complete clean of filtered resources of web-module
2018-06-19 00:07:49,728 [Worker-19] INFO  o.e.m.w.i.f.ResourceFilteringBuildParticipant - Executing resource filtering for web-module
2018-06-19 00:07:49,739 [Worker-19] WARN  o.e.m.c.i.embedder.EclipseLogger - Using platform encoding (Cp1252 actually) to copy filtered resources, i.e. build is platform dependent!
2018-06-19 00:08:24,829 [Worker-17] INFO  o.e.m.c.i.l.LifecycleMappingFactory - Using NULL lifecycle mapping for MavenProject: com.testing.git:parent:0.0.1-SNAPSHOT @ C:\Custom\Projects\MDM\Testing\parent\pom.xml.
2018-06-19 00:09:03,360 [Worker-18] INFO  o.e.m.c.i.l.LifecycleMappingFactory - Using org.maven.ide.eclipse.wtp.WarLifecycleMapping lifecycle mapping for MavenProject: com.testing.git:web-module:0.0.1-SNAPSHOT @ C:\Custom\Projects\MDM\Testing\web-module\pom.xml.
2018-06-19 00:09:03,839 [Worker-18] WARN  o.e.m.c.i.embedder.EclipseLogger - Using platform encoding (Cp1252 actually) to copy filtered resources, i.e. build is platform dependent!
2018-06-19 00:09:03,847 [Worker-18] INFO  o.e.m.c.i.embedder.EclipseLogger - skip non existing resourceDirectory C:\Custom\Projects\MDM\Testing\web-module\src\main\resources
2018-06-19 00:09:03,848 [Worker-18] WARN  o.e.m.c.i.embedder.EclipseLogger - Using platform encoding (Cp1252 actually) to copy filtered resources, i.e. build is platform dependent!
2018-06-19 00:09:03,856 [Worker-18] INFO  o.e.m.c.i.embedder.EclipseLogger - skip non existing resourceDirectory C:\Custom\Projects\MDM\Testing\web-module\src\test\resources
2018-06-19 00:09:03,856 [Worker-18] INFO  o.e.m.w.i.f.ResourceFilteringBuildParticipant - Changed resources require a complete clean of filtered resources of web-module
2018-06-19 00:09:03,860 [Worker-18] INFO  o.e.m.w.i.f.ResourceFilteringBuildParticipant - Executing resource filtering for web-module
2018-06-19 00:09:03,862 [Worker-18] WARN  o.e.m.c.i.embedder.EclipseLogger - Using platform encoding (Cp1252 actually) to copy filtered resources, i.e. build is platform dependent!
2018-06-19 00:09:08,614 [Worker-8] INFO  o.e.m.c.i.l.LifecycleMappingFactory - Using org.maven.ide.eclipse.wtp.WarLifecycleMapping lifecycle mapping for MavenProject: com.testing.git:web-module:0.0.1-SNAPSHOT @ C:\Custom\Projects\MDM\Testing\web-module\pom.xml.
2018-06-19 00:09:09,054 [Worker-8] WARN  o.e.m.c.i.embedder.EclipseLogger - Using platform encoding (Cp1252 actually) to copy filtered resources, i.e. build is platform dependent!
2018-06-19 00:09:09,062 [Worker-8] INFO  o.e.m.c.i.embedder.EclipseLogger - skip non existing resourceDirectory C:\Custom\Projects\MDM\Testing\web-module\src\main\resources
2018-06-19 00:09:09,064 [Worker-8] WARN  o.e.m.c.i.embedder.EclipseLogger - Using platform encoding (Cp1252 actually) to copy filtered resources, i.e. build is platform dependent!
2018-06-19 00:09:09,072 [Worker-8] INFO  o.e.m.c.i.embedder.EclipseLogger - skip non existing resourceDirectory C:\Custom\Projects\MDM\Testing\web-module\src\test\resources
2018-06-19 00:09:09,072 [Worker-8] INFO  o.e.m.w.i.f.ResourceFilteringBuildParticipant - Changed resources require a complete clean of filtered resources of web-module
2018-06-19 00:09:09,076 [Worker-8] INFO  o.e.m.w.i.f.ResourceFilteringBuildParticipant - Executing resource filtering for web-module
2018-06-19 00:09:09,079 [Worker-8] WARN  o.e.m.c.i.embedder.EclipseLogger - Using platform encoding (Cp1252 actually) to copy filtered resources, i.e. build is platform dependent!
2018-06-19 00:09:24,355 [Worker-20] INFO  o.e.m.c.i.l.LifecycleMappingFactory - Using org.eclipse.m2e.jdt.JarLifecycleMapping lifecycle mapping for MavenProject: com.testing.git:db-module:0.0.1-SNAPSHOT @ C:\Custom\Projects\MDM\Testing\db-module\pom.xml.
2018-06-19 00:09:24,483 [Worker-20] WARN  o.e.m.c.i.embedder.EclipseLogger - Using platform encoding (Cp1252 actually) to copy filtered resources, i.e. build is platform dependent!
2018-06-19 00:09:24,490 [Worker-20] INFO  o.e.m.c.i.embedder.EclipseLogger - skip non existing resourceDirectory C:\Custom\Projects\MDM\Testing\db-module\src\main\resources
2018-06-19 00:09:24,491 [Worker-20] WARN  o.e.m.c.i.embedder.EclipseLogger - Using platform encoding (Cp1252 actually) to copy filtered resources, i.e. build is platform dependent!
2018-06-19 00:09:24,500 [Worker-20] INFO  o.e.m.c.i.embedder.EclipseLogger - skip non existing resourceDirectory C:\Custom\Projects\MDM\Testing\db-module\src\test\resources
2018-06-19 00:09:28,634 [Worker-18] INFO  o.e.m.c.i.l.LifecycleMappingFactory - Using org.eclipse.m2e.jdt.JarLifecycleMapping lifecycle mapping for MavenProject: com.testing.git:db-module:0.0.1-SNAPSHOT @ C:\Custom\Projects\MDM\Testing\db-module\pom.xml.
2018-06-19 00:09:28,783 [Worker-18] WARN  o.e.m.c.i.embedder.EclipseLogger - Using platform encoding (Cp1252 actually) to copy filtered resources, i.e. build is platform dependent!
2018-06-19 00:09:28,791 [Worker-18] INFO  o.e.m.c.i.embedder.EclipseLogger - skip non existing resourceDirectory C:\Custom\Projects\MDM\Testing\db-module\src\main\resources
2018-06-19 00:09:28,795 [Worker-18] WARN  o.e.m.c.i.embedder.EclipseLogger - Using platform encoding (Cp1252 actually) to copy filtered resources, i.e. build is platform dependent!
2018-06-19 00:09:28,801 [Worker-18] INFO  o.e.m.c.i.embedder.EclipseLogger - skip non existing resourceDirectory C:\Custom\Projects\MDM\Testing\db-module\src\test\resources
